 INFO [2020-10-19 16:31:25,502] ({Thread-13} ZeppelinServer.java[run]:253) - Shutting down Zeppelin Server ... 
 INFO [2020-10-19 16:31:25,889] ({Thread-13} AbstractConnector.java[doStop]:341) - Stopped ServerConnector@4c58255{HTTP/1.1,[http/1.1]}{0.0.0.0:8080}
 INFO [2020-10-19 16:31:25,898] ({Thread-13} HouseKeeper.java[stopScavenging]:167) - node0 Stopped scavenging
 INFO [2020-10-19 16:31:29,880] ({Thread-13} ContextHandler.java[doStop]:1045) - Stopped o.e.j.w.WebAppContext@5af97850{zeppelin-web,/,null,UNAVAILABLE}{/zeppelin/zeppelin-web-0.8.1.war}
 INFO [2020-10-19 16:31:29,886] ({Thread-189} InterpreterSetting.java[close]:483) - Close InterpreterSetting: ignite
 INFO [2020-10-19 16:31:29,888] ({Thread-196} InterpreterSetting.java[close]:483) - Close InterpreterSetting: angular
 INFO [2020-10-19 16:31:29,887] ({Thread-195} InterpreterSetting.java[close]:483) - Close InterpreterSetting: flink
 INFO [2020-10-19 16:31:29,887] ({Thread-193} InterpreterSetting.java[close]:483) - Close InterpreterSetting: lens
 INFO [2020-10-19 16:31:29,887] ({Thread-194} InterpreterSetting.java[close]:483) - Close InterpreterSetting: pig
 INFO [2020-10-19 16:31:29,887] ({Thread-192} InterpreterSetting.java[close]:483) - Close InterpreterSetting: jdbc
 INFO [2020-10-19 16:31:29,887] ({Thread-191} InterpreterSetting.java[close]:483) - Close InterpreterSetting: sap
 INFO [2020-10-19 16:31:29,886] ({Thread-190} InterpreterSetting.java[close]:483) - Close InterpreterSetting: python
 INFO [2020-10-19 16:31:29,894] ({Thread-201} InterpreterSetting.java[close]:483) - Close InterpreterSetting: elasticsearch
 INFO [2020-10-19 16:31:29,894] ({Thread-200} InterpreterSetting.java[close]:483) - Close InterpreterSetting: neo4j
 INFO [2020-10-19 16:31:29,894] ({Thread-199} InterpreterSetting.java[close]:483) - Close InterpreterSetting: file
 INFO [2020-10-19 16:31:29,894] ({Thread-190} ManagedInterpreterGroup.java[close]:89) - Close InterpreterGroup: python:shared_process
 INFO [2020-10-19 16:31:29,896] ({Thread-190} ManagedInterpreterGroup.java[close]:100) - Close Session: shared_session for interpreter setting: python
 INFO [2020-10-19 16:31:29,897] ({Thread-202} InterpreterSetting.java[close]:483) - Close InterpreterSetting: spark
 INFO [2020-10-19 16:31:29,897] ({Thread-202} ManagedInterpreterGroup.java[close]:89) - Close InterpreterGroup: spark:shared_process
 INFO [2020-10-19 16:31:29,897] ({Thread-202} ManagedInterpreterGroup.java[close]:100) - Close Session: shared_session for interpreter setting: spark
 INFO [2020-10-19 16:31:29,897] ({Thread-203} InterpreterSetting.java[close]:483) - Close InterpreterSetting: sh
 INFO [2020-10-19 16:31:29,897] ({Thread-203} ManagedInterpreterGroup.java[close]:89) - Close InterpreterGroup: sh:shared_process
 INFO [2020-10-19 16:31:29,897] ({Thread-203} ManagedInterpreterGroup.java[close]:100) - Close Session: shared_session for interpreter setting: sh
 INFO [2020-10-19 16:31:29,897] ({Thread-205} InterpreterSetting.java[close]:483) - Close InterpreterSetting: cassandra
 INFO [2020-10-19 16:31:29,898] ({Thread-206} InterpreterSetting.java[close]:483) - Close InterpreterSetting: md
 INFO [2020-10-19 16:31:29,898] ({Thread-206} ManagedInterpreterGroup.java[close]:89) - Close InterpreterGroup: md:shared_process
 INFO [2020-10-19 16:31:29,898] ({Thread-206} ManagedInterpreterGroup.java[close]:100) - Close Session: shared_session for interpreter setting: md
 INFO [2020-10-19 16:31:29,898] ({Thread-207} InterpreterSetting.java[close]:483) - Close InterpreterSetting: alluxio
 INFO [2020-10-19 16:31:29,898] ({Thread-208} InterpreterSetting.java[close]:483) - Close InterpreterSetting: bigquery
 INFO [2020-10-19 16:31:29,899] ({Thread-209} InterpreterSetting.java[close]:483) - Close InterpreterSetting: hbase
 INFO [2020-10-19 16:31:29,888] ({Thread-197} InterpreterSetting.java[close]:483) - Close InterpreterSetting: livy
 INFO [2020-10-19 16:31:29,901] ({Thread-198} InterpreterSetting.java[close]:483) - Close InterpreterSetting: groovy
 INFO [2020-10-19 16:31:29,902] ({Thread-210} InterpreterSetting.java[close]:483) - Close InterpreterSetting: kylin
 INFO [2020-10-19 16:31:29,904] ({Thread-204} InterpreterSetting.java[close]:483) - Close InterpreterSetting: ignite
 INFO [2020-10-19 16:31:29,904] ({Thread-211} InterpreterSetting.java[close]:483) - Close InterpreterSetting: python
 INFO [2020-10-19 16:31:29,905] ({Thread-212} InterpreterSetting.java[close]:483) - Close InterpreterSetting: sap
 INFO [2020-10-19 16:31:29,905] ({Thread-213} InterpreterSetting.java[close]:483) - Close InterpreterSetting: jdbc
 INFO [2020-10-19 16:31:29,907] ({Thread-222} InterpreterSetting.java[close]:483) - Close InterpreterSetting: elasticsearch
 INFO [2020-10-19 16:31:29,907] ({Thread-221} InterpreterSetting.java[close]:483) - Close InterpreterSetting: neo4j
 INFO [2020-10-19 16:31:29,908] ({Thread-220} InterpreterSetting.java[close]:483) - Close InterpreterSetting: file
 INFO [2020-10-19 16:31:29,908] ({Thread-219} InterpreterSetting.java[close]:483) - Close InterpreterSetting: groovy
 INFO [2020-10-19 16:31:29,908] ({Thread-218} InterpreterSetting.java[close]:483) - Close InterpreterSetting: livy
 INFO [2020-10-19 16:31:29,908] ({Thread-217} InterpreterSetting.java[close]:483) - Close InterpreterSetting: angular
 INFO [2020-10-19 16:31:29,908] ({Thread-216} InterpreterSetting.java[close]:483) - Close InterpreterSetting: flink
 INFO [2020-10-19 16:31:29,908] ({Thread-215} InterpreterSetting.java[close]:483) - Close InterpreterSetting: pig
 INFO [2020-10-19 16:31:29,908] ({Thread-214} InterpreterSetting.java[close]:483) - Close InterpreterSetting: lens
 INFO [2020-10-19 16:31:29,908] ({Thread-224} InterpreterSetting.java[close]:483) - Close InterpreterSetting: sh
 INFO [2020-10-19 16:31:29,908] ({Thread-223} InterpreterSetting.java[close]:483) - Close InterpreterSetting: spark
 INFO [2020-10-19 16:31:29,908] ({Thread-225} InterpreterSetting.java[close]:483) - Close InterpreterSetting: cassandra
 INFO [2020-10-19 16:31:29,908] ({Thread-226} InterpreterSetting.java[close]:483) - Close InterpreterSetting: md
 INFO [2020-10-19 16:31:29,911] ({Thread-227} InterpreterSetting.java[close]:483) - Close InterpreterSetting: alluxio
 INFO [2020-10-19 16:31:29,911] ({Thread-228} InterpreterSetting.java[close]:483) - Close InterpreterSetting: bigquery
 INFO [2020-10-19 16:31:29,957] ({Thread-229} InterpreterSetting.java[close]:483) - Close InterpreterSetting: hbase
 INFO [2020-10-19 16:31:30,008] ({Thread-206} ManagedInterpreterGroup.java[close]:105) - Remove this InterpreterGroup: md:shared_process as all the sessions are closed
 INFO [2020-10-19 16:31:30,008] ({Thread-206} ManagedInterpreterGroup.java[close]:108) - Kill RemoteInterpreterProcess
 INFO [2020-10-19 16:31:30,013] ({Thread-203} ManagedInterpreterGroup.java[close]:105) - Remove this InterpreterGroup: sh:shared_process as all the sessions are closed
 INFO [2020-10-19 16:31:30,014] ({Thread-203} ManagedInterpreterGroup.java[close]:108) - Kill RemoteInterpreterProcess
 INFO [2020-10-19 16:31:30,014] ({Thread-230} InterpreterSetting.java[close]:483) - Close InterpreterSetting: kylin
 INFO [2020-10-19 16:31:30,020] ({Thread-206} RemoteInterpreterManagedProcess.java[stop]:220) - Kill interpreter process
 INFO [2020-10-19 16:31:30,020] ({Thread-203} RemoteInterpreterManagedProcess.java[stop]:220) - Kill interpreter process
ERROR [2020-10-19 16:31:30,421] ({Thread-25} RemoteInterpreterEventPoller.java[run]:257) - Can not get RemoteInterpreterEvent because it is shutdown.
ERROR [2020-10-19 16:31:30,423] ({pool-8-thread-1} AppendOutputRunner.java[run]:68) - Wait for OutputBuffer queue interrupted: null
 WARN [2020-10-19 16:31:30,500] ({Thread-202} RemoteInterpreter.java[close]:199) - close is called when RemoterInterpreter is not opened for org.apache.zeppelin.spark.DepInterpreter
 WARN [2020-10-19 16:31:30,505] ({Thread-202} RemoteInterpreter.java[close]:199) - close is called when RemoterInterpreter is not opened for org.apache.zeppelin.spark.PySparkInterpreter
 WARN [2020-10-19 16:31:30,505] ({Thread-202} RemoteInterpreter.java[close]:199) - close is called when RemoterInterpreter is not opened for org.apache.zeppelin.spark.IPySparkInterpreter
 WARN [2020-10-19 16:31:30,506] ({Thread-202} RemoteInterpreter.java[close]:199) - close is called when RemoterInterpreter is not opened for org.apache.zeppelin.spark.SparkRInterpreter
 INFO [2020-10-19 16:31:30,507] ({Thread-202} ManagedInterpreterGroup.java[close]:105) - Remove this InterpreterGroup: spark:shared_process as all the sessions are closed
 INFO [2020-10-19 16:31:30,507] ({Thread-202} ManagedInterpreterGroup.java[close]:108) - Kill RemoteInterpreterProcess
 INFO [2020-10-19 16:31:30,658] ({Thread-202} RemoteInterpreterManagedProcess.java[stop]:220) - Kill interpreter process
ERROR [2020-10-19 16:31:31,049] ({pool-12-thread-1} AppendOutputRunner.java[run]:68) - Wait for OutputBuffer queue interrupted: null
ERROR [2020-10-19 16:31:31,141] ({Thread-19} RemoteInterpreterEventPoller.java[run]:257) - Can not get RemoteInterpreterEvent because it is shutdown.
ERROR [2020-10-19 16:31:31,143] ({pool-6-thread-1} AppendOutputRunner.java[run]:68) - Wait for OutputBuffer queue interrupted: null
 WARN [2020-10-19 16:31:31,464] ({Thread-190} RemoteInterpreter.java[close]:199) - close is called when RemoterInterpreter is not opened for org.apache.zeppelin.python.IPythonInterpreter
 WARN [2020-10-19 16:31:31,466] ({Thread-190} RemoteInterpreter.java[close]:199) - close is called when RemoterInterpreter is not opened for org.apache.zeppelin.python.PythonInterpreterPandasSql
 WARN [2020-10-19 16:31:31,466] ({Thread-190} RemoteInterpreter.java[close]:199) - close is called when RemoterInterpreter is not opened for org.apache.zeppelin.python.PythonCondaInterpreter
 WARN [2020-10-19 16:31:31,468] ({Thread-190} RemoteInterpreter.java[close]:199) - close is called when RemoterInterpreter is not opened for org.apache.zeppelin.python.PythonDockerInterpreter
 INFO [2020-10-19 16:31:31,471] ({Thread-190} ManagedInterpreterGroup.java[close]:105) - Remove this InterpreterGroup: python:shared_process as all the sessions are closed
 INFO [2020-10-19 16:31:31,471] ({Thread-190} ManagedInterpreterGroup.java[close]:108) - Kill RemoteInterpreterProcess
 INFO [2020-10-19 16:31:31,472] ({Thread-190} RemoteInterpreterManagedProcess.java[stop]:220) - Kill interpreter process
ERROR [2020-10-19 16:31:32,261] ({Thread-158} RemoteInterpreterEventPoller.java[run]:257) - Can not get RemoteInterpreterEvent because it is shutdown.
ERROR [2020-10-19 16:31:32,266] ({pool-15-thread-1} AppendOutputRunner.java[run]:68) - Wait for OutputBuffer queue interrupted: null
 WARN [2020-10-19 16:31:32,601] ({Thread-206} RemoteInterpreterManagedProcess.java[stop]:230) - ignore the exception when shutting down
 INFO [2020-10-19 16:31:32,602] ({Thread-206} RemoteInterpreterManagedProcess.java[stop]:238) - Remote process terminated
 INFO [2020-10-19 16:31:32,604] ({Thread-226} ManagedInterpreterGroup.java[close]:89) - Close InterpreterGroup: md:shared_process
 WARN [2020-10-19 16:31:32,606] ({Thread-203} RemoteInterpreterManagedProcess.java[stop]:230) - ignore the exception when shutting down
 INFO [2020-10-19 16:31:32,608] ({Thread-203} RemoteInterpreterManagedProcess.java[stop]:238) - Remote process terminated
 INFO [2020-10-19 16:31:32,609] ({Thread-224} ManagedInterpreterGroup.java[close]:89) - Close InterpreterGroup: sh:shared_process
 INFO [2020-10-19 16:31:32,661] ({Exec Default Executor} RemoteInterpreterManagedProcess.java[onProcessFailed]:250) - Interpreter process failed {}
org.apache.commons.exec.ExecuteException: Process exited with an error: 143 (Exit value: 143)
	at org.apache.commons.exec.DefaultExecutor.executeInternal(DefaultExecutor.java:404)
	at org.apache.commons.exec.DefaultExecutor.access$200(DefaultExecutor.java:48)
	at org.apache.commons.exec.DefaultExecutor$1.run(DefaultExecutor.java:200)
	at java.lang.Thread.run(Thread.java:748)
 INFO [2020-10-19 16:31:32,661] ({Exec Default Executor} RemoteInterpreterManagedProcess.java[onProcessFailed]:250) - Interpreter process failed {}
org.apache.commons.exec.ExecuteException: Process exited with an error: 143 (Exit value: 143)
	at org.apache.commons.exec.DefaultExecutor.executeInternal(DefaultExecutor.java:404)
	at org.apache.commons.exec.DefaultExecutor.access$200(DefaultExecutor.java:48)
	at org.apache.commons.exec.DefaultExecutor$1.run(DefaultExecutor.java:200)
	at java.lang.Thread.run(Thread.java:748)
 WARN [2020-10-19 16:31:33,521] ({Thread-202} RemoteInterpreterManagedProcess.java[stop]:230) - ignore the exception when shutting down
 INFO [2020-10-19 16:31:33,526] ({Thread-202} RemoteInterpreterManagedProcess.java[stop]:238) - Remote process terminated
 INFO [2020-10-19 16:31:33,537] ({Exec Default Executor} RemoteInterpreterManagedProcess.java[onProcessComplete]:243) - Interpreter process exited 0
 INFO [2020-10-19 16:31:33,537] ({Thread-223} ManagedInterpreterGroup.java[close]:89) - Close InterpreterGroup: spark:shared_process
 WARN [2020-10-19 16:31:33,926] ({Thread-190} RemoteInterpreterManagedProcess.java[stop]:230) - ignore the exception when shutting down
 INFO [2020-10-19 16:31:33,927] ({Thread-190} RemoteInterpreterManagedProcess.java[stop]:238) - Remote process terminated
 INFO [2020-10-19 16:31:33,940] ({Thread-211} ManagedInterpreterGroup.java[close]:89) - Close InterpreterGroup: python:shared_process
 INFO [2020-10-19 16:31:33,942] ({Exec Default Executor} RemoteInterpreterManagedProcess.java[onProcessFailed]:250) - Interpreter process failed {}
org.apache.commons.exec.ExecuteException: Process exited with an error: 143 (Exit value: 143)
	at org.apache.commons.exec.DefaultExecutor.executeInternal(DefaultExecutor.java:404)
	at org.apache.commons.exec.DefaultExecutor.access$200(DefaultExecutor.java:48)
	at org.apache.commons.exec.DefaultExecutor$1.run(DefaultExecutor.java:200)
	at java.lang.Thread.run(Thread.java:748)
 INFO [2020-10-19 16:31:33,942] ({Thread-13} NotebookRepoSync.java[close]:428) - Closing all notebook storages
