 INFO [2020-10-11 15:54:08,553] ({Thread-13} ZeppelinServer.java[run]:253) - Shutting down Zeppelin Server ... 
 INFO [2020-10-11 15:54:08,599] ({Thread-13} AbstractConnector.java[doStop]:341) - Stopped ServerConnector@4c58255{HTTP/1.1,[http/1.1]}{0.0.0.0:8080}
 INFO [2020-10-11 15:54:08,600] ({Thread-13} HouseKeeper.java[stopScavenging]:167) - node0 Stopped scavenging
 INFO [2020-10-11 15:54:09,058] ({Exec Default Executor} RemoteInterpreterManagedProcess.java[onProcessFailed]:250) - Interpreter process failed {}
org.apache.commons.exec.ExecuteException: Process exited with an error: 143 (Exit value: 143)
	at org.apache.commons.exec.DefaultExecutor.executeInternal(DefaultExecutor.java:404)
	at org.apache.commons.exec.DefaultExecutor.access$200(DefaultExecutor.java:48)
	at org.apache.commons.exec.DefaultExecutor$1.run(DefaultExecutor.java:200)
	at java.lang.Thread.run(Thread.java:748)
 INFO [2020-10-11 15:54:09,066] ({Exec Default Executor} RemoteInterpreterManagedProcess.java[onProcessFailed]:250) - Interpreter process failed {}
org.apache.commons.exec.ExecuteException: Process exited with an error: 143 (Exit value: 143)
	at org.apache.commons.exec.DefaultExecutor.executeInternal(DefaultExecutor.java:404)
	at org.apache.commons.exec.DefaultExecutor.access$200(DefaultExecutor.java:48)
	at org.apache.commons.exec.DefaultExecutor$1.run(DefaultExecutor.java:200)
	at java.lang.Thread.run(Thread.java:748)
 INFO [2020-10-11 15:54:09,068] ({Exec Default Executor} RemoteInterpreterManagedProcess.java[onProcessFailed]:250) - Interpreter process failed {}
org.apache.commons.exec.ExecuteException: Process exited with an error: 143 (Exit value: 143)
	at org.apache.commons.exec.DefaultExecutor.executeInternal(DefaultExecutor.java:404)
	at org.apache.commons.exec.DefaultExecutor.access$200(DefaultExecutor.java:48)
	at org.apache.commons.exec.DefaultExecutor$1.run(DefaultExecutor.java:200)
	at java.lang.Thread.run(Thread.java:748)
 INFO [2020-10-11 15:54:09,069] ({Exec Default Executor} RemoteInterpreterManagedProcess.java[onProcessFailed]:250) - Interpreter process failed {}
org.apache.commons.exec.ExecuteException: Process exited with an error: 143 (Exit value: 143)
	at org.apache.commons.exec.DefaultExecutor.executeInternal(DefaultExecutor.java:404)
	at org.apache.commons.exec.DefaultExecutor.access$200(DefaultExecutor.java:48)
	at org.apache.commons.exec.DefaultExecutor$1.run(DefaultExecutor.java:200)
	at java.lang.Thread.run(Thread.java:748)
 INFO [2020-10-11 15:54:09,401] ({Exec Default Executor} RemoteInterpreterManagedProcess.java[onProcessFailed]:250) - Interpreter process failed {}
org.apache.commons.exec.ExecuteException: Process exited with an error: 143 (Exit value: 143)
	at org.apache.commons.exec.DefaultExecutor.executeInternal(DefaultExecutor.java:404)
	at org.apache.commons.exec.DefaultExecutor.access$200(DefaultExecutor.java:48)
	at org.apache.commons.exec.DefaultExecutor$1.run(DefaultExecutor.java:200)
	at java.lang.Thread.run(Thread.java:748)
 INFO [2020-10-11 15:54:10,576] ({Thread-13} ContextHandler.java[doStop]:1045) - Stopped o.e.j.w.WebAppContext@5af97850{zeppelin-web,/,null,UNAVAILABLE}{/zeppelin/zeppelin-web-0.8.1.war}
 INFO [2020-10-11 15:54:10,580] ({Thread-380} InterpreterSetting.java[close]:483) - Close InterpreterSetting: ignite
 INFO [2020-10-11 15:54:10,581] ({Thread-382} InterpreterSetting.java[close]:483) - Close InterpreterSetting: python
 INFO [2020-10-11 15:54:10,581] ({Thread-382} ManagedInterpreterGroup.java[close]:89) - Close InterpreterGroup: python:shared_process
 INFO [2020-10-11 15:54:10,581] ({Thread-382} ManagedInterpreterGroup.java[close]:100) - Close Session: shared_session for interpreter setting: python
 INFO [2020-10-11 15:54:10,582] ({Thread-381} InterpreterSetting.java[close]:483) - Close InterpreterSetting: ignite
 INFO [2020-10-11 15:54:10,584] ({Thread-385} InterpreterSetting.java[close]:483) - Close InterpreterSetting: jdbc
 INFO [2020-10-11 15:54:10,584] ({Thread-385} ManagedInterpreterGroup.java[close]:89) - Close InterpreterGroup: jdbc:shared_process
 INFO [2020-10-11 15:54:10,584] ({Thread-385} ManagedInterpreterGroup.java[close]:100) - Close Session: shared_session for interpreter setting: jdbc
 INFO [2020-10-11 15:54:10,614] ({Thread-384} InterpreterSetting.java[close]:483) - Close InterpreterSetting: sap
 INFO [2020-10-11 15:54:10,614] ({Thread-415} InterpreterSetting.java[close]:483) - Close InterpreterSetting: kylin
 INFO [2020-10-11 15:54:10,614] ({Thread-395} InterpreterSetting.java[close]:483) - Close InterpreterSetting: spark
 INFO [2020-10-11 15:54:10,614] ({Thread-395} ManagedInterpreterGroup.java[close]:89) - Close InterpreterGroup: spark:shared_process
 INFO [2020-10-11 15:54:10,614] ({Thread-412} InterpreterSetting.java[close]:483) - Close InterpreterSetting: alluxio
 INFO [2020-10-11 15:54:10,615] ({Thread-411} InterpreterSetting.java[close]:483) - Close InterpreterSetting: md
 INFO [2020-10-11 15:54:10,615] ({Thread-411} ManagedInterpreterGroup.java[close]:89) - Close InterpreterGroup: md:shared_process
 INFO [2020-10-11 15:54:10,615] ({Thread-411} ManagedInterpreterGroup.java[close]:100) - Close Session: shared_session for interpreter setting: md
 INFO [2020-10-11 15:54:10,615] ({Thread-410} InterpreterSetting.java[close]:483) - Close InterpreterSetting: cassandra
 INFO [2020-10-11 15:54:10,615] ({Thread-409} InterpreterSetting.java[close]:483) - Close InterpreterSetting: sh
 INFO [2020-10-11 15:54:10,615] ({Thread-409} ManagedInterpreterGroup.java[close]:89) - Close InterpreterGroup: sh:shared_process
 INFO [2020-10-11 15:54:10,615] ({Thread-409} ManagedInterpreterGroup.java[close]:100) - Close Session: shared_session for interpreter setting: sh
 INFO [2020-10-11 15:54:10,615] ({Thread-408} InterpreterSetting.java[close]:483) - Close InterpreterSetting: spark
 INFO [2020-10-11 15:54:10,615] ({Thread-407} InterpreterSetting.java[close]:483) - Close InterpreterSetting: elasticsearch
 INFO [2020-10-11 15:54:10,616] ({Thread-406} InterpreterSetting.java[close]:483) - Close InterpreterSetting: neo4j
 INFO [2020-10-11 15:54:10,616] ({Thread-405} InterpreterSetting.java[close]:483) - Close InterpreterSetting: file
 INFO [2020-10-11 15:54:10,616] ({Thread-404} InterpreterSetting.java[close]:483) - Close InterpreterSetting: groovy
 INFO [2020-10-11 15:54:10,616] ({Thread-403} InterpreterSetting.java[close]:483) - Close InterpreterSetting: livy
 INFO [2020-10-11 15:54:10,616] ({Thread-402} InterpreterSetting.java[close]:483) - Close InterpreterSetting: angular
 INFO [2020-10-11 15:54:10,616] ({Thread-401} InterpreterSetting.java[close]:483) - Close InterpreterSetting: flink
 INFO [2020-10-11 15:54:10,616] ({Thread-400} InterpreterSetting.java[close]:483) - Close InterpreterSetting: pig
 INFO [2020-10-11 15:54:10,616] ({Thread-399} InterpreterSetting.java[close]:483) - Close InterpreterSetting: lens
 INFO [2020-10-11 15:54:10,616] ({Thread-398} InterpreterSetting.java[close]:483) - Close InterpreterSetting: jdbc
 INFO [2020-10-11 15:54:10,616] ({Thread-397} InterpreterSetting.java[close]:483) - Close InterpreterSetting: sap
 INFO [2020-10-11 15:54:10,617] ({Thread-383} InterpreterSetting.java[close]:483) - Close InterpreterSetting: python
 INFO [2020-10-11 15:54:10,614] ({Thread-413} InterpreterSetting.java[close]:483) - Close InterpreterSetting: bigquery
 INFO [2020-10-11 15:54:10,614] ({Thread-414} InterpreterSetting.java[close]:483) - Close InterpreterSetting: hbase
 INFO [2020-10-11 15:54:10,638] ({Thread-394} InterpreterSetting.java[close]:483) - Close InterpreterSetting: elasticsearch
 INFO [2020-10-11 15:54:10,638] ({Thread-393} InterpreterSetting.java[close]:483) - Close InterpreterSetting: neo4j
 INFO [2020-10-11 15:54:10,638] ({Thread-392} InterpreterSetting.java[close]:483) - Close InterpreterSetting: file
 INFO [2020-10-11 15:54:10,638] ({Thread-391} InterpreterSetting.java[close]:483) - Close InterpreterSetting: groovy
 INFO [2020-10-11 15:54:10,638] ({Thread-390} InterpreterSetting.java[close]:483) - Close InterpreterSetting: livy
 INFO [2020-10-11 15:54:10,638] ({Thread-389} InterpreterSetting.java[close]:483) - Close InterpreterSetting: angular
 INFO [2020-10-11 15:54:10,639] ({Thread-388} InterpreterSetting.java[close]:483) - Close InterpreterSetting: flink
 INFO [2020-10-11 15:54:10,642] ({Thread-387} InterpreterSetting.java[close]:483) - Close InterpreterSetting: pig
 INFO [2020-10-11 15:54:10,642] ({Thread-386} InterpreterSetting.java[close]:483) - Close InterpreterSetting: lens
 INFO [2020-10-11 15:54:10,615] ({Thread-396} InterpreterSetting.java[close]:483) - Close InterpreterSetting: sh
 INFO [2020-10-11 15:54:10,614] ({Thread-395} ManagedInterpreterGroup.java[close]:100) - Close Session: shared_session for interpreter setting: spark
 INFO [2020-10-11 15:54:10,653] ({Thread-408} ManagedInterpreterGroup.java[close]:89) - Close InterpreterGroup: spark:shared_process
 INFO [2020-10-11 15:54:10,654] ({Thread-417} InterpreterSetting.java[close]:483) - Close InterpreterSetting: md
 INFO [2020-10-11 15:54:10,654] ({Thread-418} InterpreterSetting.java[close]:483) - Close InterpreterSetting: alluxio
 INFO [2020-10-11 15:54:10,655] ({Thread-419} InterpreterSetting.java[close]:483) - Close InterpreterSetting: bigquery
 INFO [2020-10-11 15:54:10,655] ({Thread-420} InterpreterSetting.java[close]:483) - Close InterpreterSetting: hbase
 INFO [2020-10-11 15:54:10,655] ({Thread-421} InterpreterSetting.java[close]:483) - Close InterpreterSetting: kylin
 INFO [2020-10-11 15:54:10,656] ({Thread-416} InterpreterSetting.java[close]:483) - Close InterpreterSetting: cassandra
 INFO [2020-10-11 15:54:10,664] ({Thread-398} ManagedInterpreterGroup.java[close]:89) - Close InterpreterGroup: jdbc:shared_process
 INFO [2020-10-11 15:54:10,665] ({Thread-396} ManagedInterpreterGroup.java[close]:89) - Close InterpreterGroup: sh:shared_process
 INFO [2020-10-11 15:54:10,668] ({Thread-417} ManagedInterpreterGroup.java[close]:89) - Close InterpreterGroup: md:shared_process
 INFO [2020-10-11 15:54:10,683] ({Thread-383} ManagedInterpreterGroup.java[close]:89) - Close InterpreterGroup: python:shared_process
 INFO [2020-10-11 15:54:10,685] ({Thread-13} NotebookRepoSync.java[close]:428) - Closing all notebook storages
