 INFO [2020-10-03 14:39:16,063] ({pool-2-thread-4} SchedulerFactory.java[jobStarted]:114) - Job 20200212-212102_1279039025 started by scheduler org.apache.zeppelin.shell.ShellInterpreter1723060503
 INFO [2020-10-03 14:39:16,554] ({pool-2-thread-4} ShellInterpreter.java[interpret]:115) - Paragraph 20200212-212102_1279039025 return with exit value: 0
 INFO [2020-10-03 14:39:16,554] ({pool-2-thread-4} SchedulerFactory.java[jobFinished]:120) - Job 20200212-212102_1279039025 finished by scheduler org.apache.zeppelin.shell.ShellInterpreter1723060503
 INFO [2020-10-03 14:39:16,870] ({pool-2-thread-6} SchedulerFactory.java[jobStarted]:114) - Job 20200212-212325_1375517377 started by scheduler org.apache.zeppelin.shell.ShellInterpreter1723060503
 INFO [2020-10-03 14:39:18,009] ({pool-2-thread-6} ShellInterpreter.java[interpret]:115) - Paragraph 20200212-212325_1375517377 return with exit value: 0
 INFO [2020-10-03 14:39:18,010] ({pool-2-thread-6} SchedulerFactory.java[jobFinished]:120) - Job 20200212-212325_1375517377 finished by scheduler org.apache.zeppelin.shell.ShellInterpreter1723060503
 INFO [2020-10-03 14:50:31,199] ({pool-2-thread-7} SchedulerFactory.java[jobStarted]:114) - Job 20200227-035217_1824235860 started by scheduler org.apache.zeppelin.shell.ShellInterpreter1723060503
ERROR [2020-10-03 14:50:32,939] ({pool-2-thread-7} ShellInterpreter.java[interpret]:120) - Can not run python -m pip install seaborn
org.apache.commons.exec.ExecuteException: Process exited with an error: 1 (Exit value: 1)
	at org.apache.commons.exec.DefaultExecutor.executeInternal(DefaultExecutor.java:404)
	at org.apache.commons.exec.DefaultExecutor.execute(DefaultExecutor.java:166)
	at org.apache.commons.exec.DefaultExecutor.execute(DefaultExecutor.java:153)
	at org.apache.zeppelin.shell.ShellInterpreter.interpret(ShellInterpreter.java:114)
	at org.apache.zeppelin.interpreter.LazyOpenInterpreter.interpret(LazyOpenInterpreter.java:103)
	at org.apache.zeppelin.interpreter.remote.RemoteInterpreterServer$InterpretJob.jobRun(RemoteInterpreterServer.java:632)
	at org.apache.zeppelin.scheduler.Job.run(Job.java:188)
	at org.apache.zeppelin.scheduler.ParallelScheduler$JobRunner.run(ParallelScheduler.java:162)
	at java.util.concurrent.Executors$RunnableAdapter.call(Executors.java:511)
	at java.util.concurrent.FutureTask.run(FutureTask.java:266)
	at java.util.concurrent.ScheduledThreadPoolExecutor$ScheduledFutureTask.access$201(ScheduledThreadPoolExecutor.java:180)
	at java.util.concurrent.ScheduledThreadPoolExecutor$ScheduledFutureTask.run(ScheduledThreadPoolExecutor.java:293)
	at java.util.concurrent.ThreadPoolExecutor.runWorker(ThreadPoolExecutor.java:1149)
	at java.util.concurrent.ThreadPoolExecutor$Worker.run(ThreadPoolExecutor.java:624)
	at java.lang.Thread.run(Thread.java:748)
 INFO [2020-10-03 14:50:32,948] ({pool-2-thread-7} SchedulerFactory.java[jobFinished]:120) - Job 20200227-035217_1824235860 finished by scheduler org.apache.zeppelin.shell.ShellInterpreter1723060503
 INFO [2020-10-03 14:51:20,887] ({pool-2-thread-3} SchedulerFactory.java[jobStarted]:114) - Job 20200227-035217_1824235860 started by scheduler org.apache.zeppelin.shell.ShellInterpreter1723060503
 INFO [2020-10-03 14:51:25,722] ({pool-2-thread-3} ShellInterpreter.java[interpret]:115) - Paragraph 20200227-035217_1824235860 return with exit value: 0
 INFO [2020-10-03 14:51:25,724] ({pool-2-thread-3} SchedulerFactory.java[jobFinished]:120) - Job 20200227-035217_1824235860 finished by scheduler org.apache.zeppelin.shell.ShellInterpreter1723060503
 INFO [2020-10-03 14:51:38,676] ({pool-2-thread-8} SchedulerFactory.java[jobStarted]:114) - Job 20200227-035217_1824235860 started by scheduler org.apache.zeppelin.shell.ShellInterpreter1723060503
 INFO [2020-10-03 14:51:42,135] ({pool-2-thread-8} ShellInterpreter.java[interpret]:115) - Paragraph 20200227-035217_1824235860 return with exit value: 0
 INFO [2020-10-03 14:51:42,136] ({pool-2-thread-8} SchedulerFactory.java[jobFinished]:120) - Job 20200227-035217_1824235860 finished by scheduler org.apache.zeppelin.shell.ShellInterpreter1723060503
